2017-03-02 16:38:06 analyse.py[line:45] INFO 	002036	联创电子	2017-03-02	19.2	-0.04	-0.21	38538.0
2017-03-02 16:38:06 analyse.py[line:45] INFO 	002036	联创电子	2017-03-01	19.24	-0.1	-0.52	58530.0
2017-03-02 16:38:06 analyse.py[line:45] INFO 	002036	联创电子	2017-02-28	19.34	-0.23	-1.18	71173.0
2017-03-02 16:38:06 analyse.py[line:45] INFO 	002036	联创电子	2017-02-27	19.57	-0.28	-1.41	94629.0
2017-03-02 16:38:06 analyse.py[line:45] INFO 	600580	卧龙电气	2017-03-02	8.57	-0.09	-1.04	54166.0
2017-03-02 16:38:06 analyse.py[line:45] INFO 	600580	卧龙电气	2017-03-01	8.66	-0.02	-0.23	63505.0
2017-03-02 16:38:07 analyse.py[line:45] INFO 	600580	卧龙电气	2017-02-28	8.68	-0.05	-0.57	54072.0
2017-03-02 16:38:07 analyse.py[line:45] INFO 	600580	卧龙电气	2017-02-27	8.73	-0.06	-0.68	49875.0
2017-03-02 16:38:07 analyse.py[line:45] INFO 	002461	珠江啤酒	2017-03-02	13.36	-0.23	-1.69	60973.0
2017-03-02 16:38:07 analyse.py[line:45] INFO 	002461	珠江啤酒	2017-03-01	13.59	-0.06	-0.44	39748.0
2017-03-02 16:38:07 analyse.py[line:45] INFO 	002461	珠江啤酒	2017-02-28	13.65	-0.1	-0.73	42781.0
2017-03-02 16:38:07 analyse.py[line:45] INFO 	002461	珠江啤酒	2017-02-27	13.75	-0.1	-0.72	48873.0
2017-03-02 16:38:07 analyse.py[line:45] INFO 	603036	如通股份	2017-03-02	40.12	-1.85	-4.41	390111.0
2017-03-02 16:38:07 analyse.py[line:45] INFO 	603036	如通股份	2017-03-01	41.97	-4.66	-9.99	91310.0
2017-03-02 16:38:07 analyse.py[line:45] INFO 	603036	如通股份	2017-02-28	46.63	-5.18	-10.0	127274.0
2017-03-02 16:38:07 analyse.py[line:45] INFO 	603036	如通股份	2017-02-27	51.81	-1.1	-2.08	89735.0
2017-03-02 16:38:07 analyse.py[line:45] INFO 	603968	醋化股份	2017-03-02	24.14	-0.29	-1.19	13483.0
2017-03-02 16:38:07 analyse.py[line:45] INFO 	603968	醋化股份	2017-03-01	24.43	-0.05	-0.2	15127.0
2017-03-02 16:38:07 analyse.py[line:45] INFO 	603968	醋化股份	2017-02-28	24.48	-0.22	-0.89	15939.0
2017-03-02 16:38:07 analyse.py[line:45] INFO 	603968	醋化股份	2017-02-27	24.7	-0.05	-0.2	22542.0
2017-03-02 16:38:07 analyse.py[line:45] INFO 	600289	亿阳信通	2017-03-02	12.99	-0.04	-0.31	61830.0
2017-03-02 16:38:07 analyse.py[line:45] INFO 	600289	亿阳信通	2017-03-01	13.03	-0.01	-0.08	60033.0
2017-03-02 16:38:07 analyse.py[line:45] INFO 	600289	亿阳信通	2017-02-28	13.04	-0.01	-0.08	43337.0
2017-03-02 16:38:07 analyse.py[line:45] INFO 	600289	亿阳信通	2017-02-27	13.05	-0.14	-1.06	64945.0
2017-03-02 16:38:07 analyse.py[line:45] INFO 	002494	华斯股份	2017-03-02	12.3	-0.31	-2.46	98471.0
2017-03-02 16:38:07 analyse.py[line:45] INFO 	002494	华斯股份	2017-03-01	12.61	-0.03	-0.24	49972.0
2017-03-02 16:38:07 analyse.py[line:45] INFO 	002494	华斯股份	2017-02-28	12.64	-0.17	-1.33	81601.0
2017-03-02 16:38:07 analyse.py[line:45] INFO 	002494	华斯股份	2017-02-27	12.81	-0.16	-1.23	88689.0
2017-03-02 16:38:07 analyse.py[line:45] INFO 	002254	泰和新材	2017-03-02	12.75	-0.08	-0.62	86919.0
2017-03-02 16:38:07 analyse.py[line:45] INFO 	002254	泰和新材	2017-03-01	12.83	-0.08	-0.62	124169.0
2017-03-02 16:38:07 analyse.py[line:45] INFO 	002254	泰和新材	2017-02-28	12.91	-0.09	-0.69	62856.0
2017-03-02 16:38:07 analyse.py[line:45] INFO 	002254	泰和新材	2017-02-27	13.0	-0.16	-1.22	78614.0
2017-03-02 16:38:07 analyse.py[line:45] INFO 	002251	步 步 高	2017-03-02	14.6	-0.53	-3.5	132914.0
2017-03-02 16:38:07 analyse.py[line:45] INFO 	002251	步 步 高	2017-03-01	15.13	-0.11	-0.72	92138.0
2017-03-02 16:38:07 analyse.py[line:45] INFO 	002251	步 步 高	2017-02-28	15.24	-0.06	-0.39	65896.0
2017-03-02 16:38:07 analyse.py[line:45] INFO 	002251	步 步 高	2017-02-27	15.3	-0.15	-0.97	78366.0
2017-03-02 16:38:07 analyse.py[line:45] INFO 	600624	复旦复华	2017-03-02	8.62	-0.05	-0.58	51982.0
2017-03-02 16:38:07 analyse.py[line:45] INFO 	600624	复旦复华	2017-03-01	8.67	-0.02	-0.23	53780.0
2017-03-02 16:38:07 analyse.py[line:45] INFO 	600624	复旦复华	2017-02-28	8.69	-0.06	-0.69	83083.0
2017-03-02 16:38:07 analyse.py[line:45] INFO 	600624	复旦复华	2017-02-27	8.75	-0.02	-0.23	139822.0
2017-03-02 16:38:07 analyse.py[line:45] INFO 	002782	可立克	2017-03-02	24.59	-0.3	-1.21	26220.0
2017-03-02 16:38:07 analyse.py[line:45] INFO 	002782	可立克	2017-03-01	24.89	-0.01	-0.04	24534.0
2017-03-02 16:38:07 analyse.py[line:45] INFO 	002782	可立克	2017-02-28	24.9	-0.03	-0.12	20820.0
2017-03-02 16:38:07 analyse.py[line:45] INFO 	002782	可立克	2017-02-27	24.93	-0.29	-1.15	27338.0
2017-03-02 16:38:07 analyse.py[line:45] INFO 	600489	中金黄金	2017-03-02	12.35	-0.08	-0.64	337853.0
2017-03-02 16:38:07 analyse.py[line:45] INFO 	600489	中金黄金	2017-03-01	12.43	-0.07	-0.56	376799.0
2017-03-02 16:38:07 analyse.py[line:45] INFO 	600489	中金黄金	2017-02-28	12.5	-0.15	-1.19	360206.0
2017-03-02 16:38:07 analyse.py[line:45] INFO 	600489	中金黄金	2017-02-27	12.65	-0.04	-0.32	562195.0
2017-03-02 16:38:07 analyse.py[line:45] INFO 	002470	金正大	2017-03-02	7.57	-0.06	-0.79	145300.0
2017-03-02 16:38:07 analyse.py[line:45] INFO 	002470	金正大	2017-03-01	7.63	-0.08	-1.04	176670.0
2017-03-02 16:38:07 analyse.py[line:45] INFO 	002470	金正大	2017-02-28	7.71	-0.03	-0.39	303012.0
2017-03-02 16:38:07 analyse.py[line:45] INFO 	002470	金正大	2017-02-27	7.74	-0.21	-2.64	181607.0
2017-03-02 16:38:07 analyse.py[line:45] INFO 	603020	爱普股份	2017-03-02	19.48	-0.16	-0.81	16532.0
2017-03-02 16:38:07 analyse.py[line:45] INFO 	603020	爱普股份	2017-03-01	19.64	-0.05	-0.25	15950.0
2017-03-02 16:38:07 analyse.py[line:45] INFO 	603020	爱普股份	2017-02-28	19.69	-0.01	-0.05	16388.0
2017-03-02 16:38:07 analyse.py[line:45] INFO 	603020	爱普股份	2017-02-27	19.7	-0.1	-0.51	19092.0
2017-03-02 16:38:07 analyse.py[line:45] INFO 	600837	海通证券	2017-03-02	15.53	-0.08	-0.51	360959.0
2017-03-02 16:38:07 analyse.py[line:45] INFO 	600837	海通证券	2017-03-01	15.61	-0.06	-0.38	394434.0
2017-03-02 16:38:07 analyse.py[line:45] INFO 	600837	海通证券	2017-02-28	15.67	-0.07	-0.44	232118.0
2017-03-02 16:38:07 analyse.py[line:45] INFO 	600837	海通证券	2017-02-27	15.74	-0.07	-0.44	326369.0
2017-03-02 16:38:07 analyse.py[line:45] INFO 	000756	新华制药	2017-03-02	13.13	-0.18	-1.35	22595.0
2017-03-02 16:38:07 analyse.py[line:45] INFO 	000756	新华制药	2017-03-01	13.31	-0.09	-0.67	34422.0
2017-03-02 16:38:07 analyse.py[line:45] INFO 	000756	新华制药	2017-02-28	13.4	-0.13	-0.96	18977.0
2017-03-02 16:38:07 analyse.py[line:45] INFO 	000756	新华制药	2017-02-27	13.53	-0.06	-0.44	36186.0
2017-03-02 16:38:07 analyse.py[line:45] INFO 	603300	华铁科技	2017-03-02	18.0	-0.38	-2.07	1759511.0
2017-03-02 16:38:07 analyse.py[line:45] INFO 	603300	华铁科技	2017-03-01	18.38	-2.04	-9.99	146269.0
2017-03-02 16:38:07 analyse.py[line:45] INFO 	603300	华铁科技	2017-02-28	20.42	-2.27	-10.0	186022.0
2017-03-02 16:38:07 analyse.py[line:45] INFO 	603300	华铁科技	2017-02-27	22.69	-0.49	-2.11	190352.0
2017-03-02 16:38:07 analyse.py[line:45] INFO 	603306	华懋科技	2017-03-02	33.95	-0.2	-0.59	10322.0
2017-03-02 16:38:07 analyse.py[line:45] INFO 	603306	华懋科技	2017-03-01	34.15	-0.01	-0.03	12041.0
2017-03-02 16:38:07 analyse.py[line:45] INFO 	603306	华懋科技	2017-02-28	34.16	-0.15	-0.44	13784.0
2017-03-02 16:38:08 analyse.py[line:45] INFO 	603306	华懋科技	2017-02-27	34.31	-0.15	-0.44	10889.0
2017-03-02 16:38:08 analyse.py[line:45] INFO 	002309	中利集团	2017-03-02	13.84	-0.02	-0.14	38213.0
2017-03-02 16:38:08 analyse.py[line:45] INFO 	002309	中利集团	2017-03-01	13.86	-0.05	-0.36	36463.0
2017-03-02 16:38:08 analyse.py[line:45] INFO 	002309	中利集团	2017-02-28	13.91	-0.26	-1.83	75970.0
2017-03-02 16:38:08 analyse.py[line:45] INFO 	002309	中利集团	2017-02-27	14.17	-0.07	-0.49	33814.0
2017-03-02 16:38:08 analyse.py[line:45] INFO 	002052	同洲电子	2017-03-02	9.65	-0.17	-1.73	108804.0
2017-03-02 16:38:08 analyse.py[line:45] INFO 	002052	同洲电子	2017-03-01	9.82	-0.03	-0.3	88803.0
2017-03-02 16:38:08 analyse.py[line:45] INFO 	002052	同洲电子	2017-02-28	9.85	-0.11	-1.1	113386.0
2017-03-02 16:38:08 analyse.py[line:45] INFO 	002052	同洲电子	2017-02-27	9.96	-0.1	-0.99	98513.0
2017-03-02 16:38:08 analyse.py[line:45] INFO 	002692	睿康股份	2017-03-02	11.52	-0.16	-1.37	34151.0
2017-03-02 16:38:08 analyse.py[line:45] INFO 	002692	睿康股份	2017-03-01	11.68	-0.12	-1.02	46746.0
2017-03-02 16:38:08 analyse.py[line:45] INFO 	002692	睿康股份	2017-02-28	11.8	-0.01	-0.08	17070.0
2017-03-02 16:38:08 analyse.py[line:45] INFO 	002692	睿康股份	2017-02-27	11.81	-0.19	-1.58	33446.0
2017-03-02 16:38:08 analyse.py[line:45] INFO 	002455	百川股份	2017-03-02	13.43	-0.1	-0.74	41867.0
2017-03-02 16:38:08 analyse.py[line:45] INFO 	002455	百川股份	2017-03-01	13.53	-0.17	-1.24	44571.0
2017-03-02 16:38:08 analyse.py[line:45] INFO 	002455	百川股份	2017-02-28	13.7	-0.09	-0.65	53890.0
2017-03-02 16:38:08 analyse.py[line:45] INFO 	002455	百川股份	2017-02-27	13.79	-0.12	-0.86	76644.0
2017-03-02 16:38:08 analyse.py[line:45] INFO 	002414	高德红外	2017-03-02	24.2	-0.02	-0.08	14108.0
2017-03-02 16:38:08 analyse.py[line:45] INFO 	002414	高德红外	2017-03-01	24.22	-0.24	-0.98	19344.0
2017-03-02 16:38:08 analyse.py[line:45] INFO 	002414	高德红外	2017-02-28	24.46	-0.06	-0.24	15960.0
2017-03-02 16:38:08 analyse.py[line:45] INFO 	002414	高德红外	2017-02-27	24.52	-0.29	-1.17	17170.0
2017-03-02 16:38:08 analyse.py[line:45] INFO 	603606	东方电缆	2017-03-02	15.77	-0.14	-0.88	34529.0
2017-03-02 16:38:08 analyse.py[line:45] INFO 	603606	东方电缆	2017-03-01	15.91	-0.19	-1.18	47196.0
2017-03-02 16:38:08 analyse.py[line:45] INFO 	603606	东方电缆	2017-02-28	16.1	-0.34	-2.07	54836.0
2017-03-02 16:38:08 analyse.py[line:45] INFO 	603606	东方电缆	2017-02-27	16.44	-0.15	-0.9	51459.0
2017-03-02 16:38:08 analyse.py[line:45] INFO 	000911	南宁糖业	2017-03-02	15.81	-0.24	-1.5	57167.0
2017-03-02 16:38:08 analyse.py[line:45] INFO 	000911	南宁糖业	2017-03-01	16.05	-0.11	-0.68	53364.0
2017-03-02 16:38:08 analyse.py[line:45] INFO 	000911	南宁糖业	2017-02-28	16.16	-0.02	-0.12	43539.0
2017-03-02 16:38:08 analyse.py[line:45] INFO 	000911	南宁糖业	2017-02-27	16.18	-0.23	-1.4	47061.0
2017-03-02 16:38:08 analyse.py[line:45] INFO 	002421	达实智能	2017-03-02	6.33	-0.07	-1.09	141650.0
2017-03-02 16:38:08 analyse.py[line:45] INFO 	002421	达实智能	2017-03-01	6.4	-0.02	-0.31	130689.0
2017-03-02 16:38:08 analyse.py[line:45] INFO 	002421	达实智能	2017-02-28	6.42	-0.01	-0.16	137645.0
2017-03-02 16:38:08 analyse.py[line:45] INFO 	002421	达实智能	2017-02-27	6.43	-0.01	-0.16	199504.0
2017-03-02 16:38:08 analyse.py[line:45] INFO 	002424	贵州百灵	2017-03-02	18.18	-0.08	-0.44	25867.0
2017-03-02 16:38:08 analyse.py[line:45] INFO 	002424	贵州百灵	2017-03-01	18.26	-0.02	-0.11	31480.0
2017-03-02 16:38:08 analyse.py[line:45] INFO 	002424	贵州百灵	2017-02-28	18.28	-0.15	-0.81	30981.0
2017-03-02 16:38:08 analyse.py[line:45] INFO 	002424	贵州百灵	2017-02-27	18.43	-0.21	-1.13	42894.0
2017-03-02 16:38:08 analyse.py[line:45] INFO 	600566	济川药业	2017-03-02	30.12	-0.09	-0.3	11130.0
2017-03-02 16:38:08 analyse.py[line:45] INFO 	600566	济川药业	2017-03-01	30.21	-0.11	-0.36	28728.0
2017-03-02 16:38:08 analyse.py[line:45] INFO 	600566	济川药业	2017-02-28	30.32	-0.11	-0.36	31654.0
2017-03-02 16:38:08 analyse.py[line:45] INFO 	600566	济川药业	2017-02-27	30.43	-1.77	-5.5	97831.0
2017-03-02 16:38:08 analyse.py[line:45] INFO 	600213	亚星客车	2017-03-02	15.63	-0.26	-1.64	29047.0
2017-03-02 16:38:08 analyse.py[line:45] INFO 	600213	亚星客车	2017-03-01	15.89	-0.02	-0.13	32466.0
2017-03-02 16:38:08 analyse.py[line:45] INFO 	600213	亚星客车	2017-02-28	15.91	-0.09	-0.56	26684.0
2017-03-02 16:38:08 analyse.py[line:45] INFO 	600213	亚星客车	2017-02-27	16.0	-0.12	-0.74	41081.0
2017-03-02 16:38:08 analyse.py[line:45] INFO 	000591	太阳能	2017-03-02	13.95	-0.14	-0.99	64576.0
2017-03-02 16:38:08 analyse.py[line:45] INFO 	000591	太阳能	2017-03-01	14.09	-0.11	-0.77	85335.0
2017-03-02 16:38:08 analyse.py[line:45] INFO 	000591	太阳能	2017-02-28	14.2	-0.29	-2.0	99884.0
2017-03-02 16:38:08 analyse.py[line:45] INFO 	000591	太阳能	2017-02-27	14.49	-0.31	-2.09	171807.0
2017-03-02 16:38:08 analyse.py[line:45] INFO 	000006	深振业Ａ	2017-03-02	8.63	-0.14	-1.6	119909.0
2017-03-02 16:38:08 analyse.py[line:45] INFO 	000006	深振业Ａ	2017-03-01	8.77	-0.01	-0.11	112820.0
2017-03-02 16:38:08 analyse.py[line:45] INFO 	000006	深振业Ａ	2017-02-28	8.78	-0.02	-0.23	107858.0
2017-03-02 16:38:08 analyse.py[line:45] INFO 	000006	深振业Ａ	2017-02-27	8.8	-0.06	-0.68	132734.0
2017-03-02 16:38:08 analyse.py[line:45] INFO 	601966	玲珑轮胎	2017-03-02	26.85	-0.06	-0.22	63992.0
2017-03-02 16:38:08 analyse.py[line:45] INFO 	601966	玲珑轮胎	2017-03-01	26.91	-0.3	-1.1	72927.0
2017-03-02 16:38:08 analyse.py[line:45] INFO 	601966	玲珑轮胎	2017-02-28	27.21	-0.15	-0.55	68634.0
2017-03-02 16:38:08 analyse.py[line:45] INFO 	601966	玲珑轮胎	2017-02-27	27.36	-0.3	-1.08	92984.0
2017-03-02 16:38:08 analyse.py[line:45] INFO 	601969	海南矿业	2017-03-02	12.46	-0.24	-1.89	101680.0
2017-03-02 16:38:08 analyse.py[line:45] INFO 	601969	海南矿业	2017-03-01	12.7	-0.05	-0.39	82037.0
2017-03-02 16:38:08 analyse.py[line:45] INFO 	601969	海南矿业	2017-02-28	12.75	-0.05	-0.39	92366.0
2017-03-02 16:38:08 analyse.py[line:45] INFO 	601969	海南矿业	2017-02-27	12.8	-0.04	-0.31	114762.0
2017-03-02 16:38:08 analyse.py[line:45] INFO 	002189	利达光电	2017-03-02	22.8	-0.37	-1.6	36862.0
2017-03-02 16:38:08 analyse.py[line:45] INFO 	002189	利达光电	2017-03-01	23.17	-0.09	-0.39	38275.0
2017-03-02 16:38:09 analyse.py[line:45] INFO 	002189	利达光电	2017-02-28	23.26	-0.16	-0.68	36996.0
2017-03-02 16:38:09 analyse.py[line:45] INFO 	002189	利达光电	2017-02-27	23.42	-0.38	-1.6	41937.0
2017-03-02 16:38:09 analyse.py[line:45] INFO 	002434	万里扬	2017-03-02	16.01	-0.08	-0.5	22354.0
2017-03-02 16:38:09 analyse.py[line:45] INFO 	002434	万里扬	2017-03-01	16.09	-0.14	-0.86	21505.0
2017-03-02 16:38:09 analyse.py[line:45] INFO 	002434	万里扬	2017-02-28	16.23	-0.03	-0.18	25111.0
2017-03-02 16:38:09 analyse.py[line:45] INFO 	002434	万里扬	2017-02-27	16.26	-0.24	-1.45	40996.0
2017-03-02 16:38:09 analyse.py[line:45] INFO 	002437	誉衡药业	2017-03-02	8.84	-0.22	-2.43	157216.0
2017-03-02 16:38:09 analyse.py[line:45] INFO 	002437	誉衡药业	2017-03-01	9.06	-0.06	-0.66	103463.0
2017-03-02 16:38:09 analyse.py[line:45] INFO 	002437	誉衡药业	2017-02-28	9.12	-0.12	-1.3	146412.0
2017-03-02 16:38:09 analyse.py[line:45] INFO 	002437	誉衡药业	2017-02-27	9.24	-0.39	-4.05	251470.0
2017-03-02 16:38:09 analyse.py[line:45] INFO 	600228	昌九生化	2017-03-02	15.36	-0.6	-3.76	72803.0
2017-03-02 16:38:09 analyse.py[line:45] INFO 	600228	昌九生化	2017-03-01	15.96	-0.02	-0.13	43171.0
2017-03-02 16:38:09 analyse.py[line:45] INFO 	600228	昌九生化	2017-02-28	15.98	-0.2	-1.24	56160.0
2017-03-02 16:38:09 analyse.py[line:45] INFO 	600228	昌九生化	2017-02-27	16.18	-0.26	-1.58	60465.0
2017-03-02 16:38:09 analyse.py[line:45] INFO 	000902	新洋丰	2017-03-02	9.74	-0.07	-0.71	84507.0
2017-03-02 16:38:09 analyse.py[line:45] INFO 	000902	新洋丰	2017-03-01	9.81	-0.04	-0.41	104899.0
2017-03-02 16:38:09 analyse.py[line:45] INFO 	000902	新洋丰	2017-02-28	9.85	-0.06	-0.61	99833.0
2017-03-02 16:38:09 analyse.py[line:45] INFO 	000902	新洋丰	2017-02-27	9.91	-0.08	-0.8	82395.0
2017-03-02 16:38:09 analyse.py[line:45] INFO 	000908	景峰医药	2017-03-02	10.17	-0.19	-1.83	58007.0
2017-03-02 16:38:09 analyse.py[line:45] INFO 	000908	景峰医药	2017-03-01	10.36	-0.08	-0.77	41686.0
2017-03-02 16:38:09 analyse.py[line:45] INFO 	000908	景峰医药	2017-02-28	10.44	-0.09	-0.85	41516.0
2017-03-02 16:38:09 analyse.py[line:45] INFO 	000908	景峰医药	2017-02-27	10.53	-0.19	-1.77	74972.0
2017-03-02 16:38:09 analyse.py[line:45] INFO 	000766	通化金马	2017-03-02	17.88	-0.11	-0.61	20028.0
2017-03-02 16:38:09 analyse.py[line:45] INFO 	000766	通化金马	2017-03-01	17.99	-0.02	-0.11	25475.0
2017-03-02 16:38:09 analyse.py[line:45] INFO 	000766	通化金马	2017-02-28	18.01	-0.01	-0.06	27183.0
2017-03-02 16:38:09 analyse.py[line:45] INFO 	000766	通化金马	2017-02-27	18.02	-0.22	-1.21	41424.0
2017-03-02 16:38:09 analyse.py[line:45] INFO 	000761	本钢板材	2017-03-02	6.17	-0.01	-0.16	97656.0
2017-03-02 16:38:09 analyse.py[line:45] INFO 	000761	本钢板材	2017-03-01	6.18	-0.05	-0.8	148047.0
2017-03-02 16:38:09 analyse.py[line:45] INFO 	000761	本钢板材	2017-02-28	6.23	-0.04	-0.64	141261.0
2017-03-02 16:38:09 analyse.py[line:45] INFO 	000761	本钢板材	2017-02-27	6.27	-0.24	-3.69	226266.0
2017-03-02 16:38:09 analyse.py[line:45] INFO 	601016	节能风电	2017-03-02	8.53	-0.08	-0.93	125517.0
2017-03-02 16:38:09 analyse.py[line:45] INFO 	601016	节能风电	2017-03-01	8.61	-0.03	-0.35	148264.0
2017-03-02 16:38:09 analyse.py[line:45] INFO 	601016	节能风电	2017-02-28	8.64	-0.02	-0.23	350564.0
2017-03-02 16:38:09 analyse.py[line:45] INFO 	601016	节能风电	2017-02-27	8.66	-0.11	-1.25	111471.0
2017-03-02 16:38:09 analyse.py[line:45] INFO 	002228	合兴包装	2017-03-02	5.24	-0.05	-0.95	79453.0
2017-03-02 16:38:09 analyse.py[line:45] INFO 	002228	合兴包装	2017-03-01	5.29	-0.03	-0.56	99467.0
2017-03-02 16:38:09 analyse.py[line:45] INFO 	002228	合兴包装	2017-02-28	5.32	-0.02	-0.37	82084.0
2017-03-02 16:38:09 analyse.py[line:45] INFO 	002228	合兴包装	2017-02-27	5.34	-0.04	-0.74	113890.0
2017-03-02 16:38:09 analyse.py[line:45] INFO 	601169	北京银行	2017-03-02	9.86	-0.14	-1.4	280130.0
2017-03-02 16:38:09 analyse.py[line:45] INFO 	601169	北京银行	2017-03-01	10.0	-0.06	-0.6	296589.0
2017-03-02 16:38:09 analyse.py[line:45] INFO 	601169	北京银行	2017-02-28	10.06	-0.02	-0.2	125152.0
2017-03-02 16:38:09 analyse.py[line:45] INFO 	601169	北京银行	2017-02-27	10.08	-0.05	-0.49	273365.0
2017-03-02 16:38:09 analyse.py[line:45] INFO 	601166	兴业银行	2017-03-02	16.5	-0.16	-0.96	795735.0
2017-03-02 16:38:09 analyse.py[line:45] INFO 	601166	兴业银行	2017-03-01	16.66	-0.09	-0.54	769996.0
2017-03-02 16:38:09 analyse.py[line:45] INFO 	601166	兴业银行	2017-02-28	16.75	-0.06	-0.36	404896.0
2017-03-02 16:38:09 analyse.py[line:45] INFO 	601166	兴业银行	2017-02-27	16.81	-0.09	-0.53	474327.0
2017-03-02 16:38:09 analyse.py[line:45] INFO 	002538	司尔特	2017-03-02	9.49	-0.21	-2.16	136643.0
2017-03-02 16:38:09 analyse.py[line:45] INFO 	002538	司尔特	2017-03-01	9.7	-0.03	-0.31	90092.0
2017-03-02 16:38:09 analyse.py[line:45] INFO 	002538	司尔特	2017-02-28	9.73	-0.01	-0.1	70163.0
2017-03-02 16:38:09 analyse.py[line:45] INFO 	002538	司尔特	2017-02-27	9.74	-0.11	-1.12	80380.0
2017-03-02 16:38:09 analyse.py[line:45] INFO 	002539	云图控股	2017-03-02	10.82	-0.16	-1.46	55629.0
2017-03-02 16:38:09 analyse.py[line:45] INFO 	002539	云图控股	2017-03-01	10.98	-0.02	-0.18	87882.0
2017-03-02 16:38:09 analyse.py[line:45] INFO 	002539	云图控股	2017-02-28	11.0	-0.28	-2.48	85657.0
2017-03-02 16:38:09 analyse.py[line:45] INFO 	002539	云图控股	2017-02-27	11.28	-0.03	-0.27	27478.0
2017-03-02 16:38:09 analyse.py[line:45] INFO 	000571	新大洲Ａ	2017-03-02	7.86	-0.03	-0.38	45832.0
2017-03-02 16:38:09 analyse.py[line:45] INFO 	000571	新大洲Ａ	2017-03-01	7.89	-0.03	-0.38	43678.0
2017-03-02 16:38:09 analyse.py[line:45] INFO 	000571	新大洲Ａ	2017-02-28	7.92	-0.02	-0.25	40735.0
2017-03-02 16:38:09 analyse.py[line:45] INFO 	000571	新大洲Ａ	2017-02-27	7.94	-0.03	-0.38	63044.0
2017-03-02 16:38:09 analyse.py[line:45] INFO 	002716	金贵银业	2017-03-02	21.63	-0.29	-1.32	113061.0
2017-03-02 16:38:09 analyse.py[line:45] INFO 	002716	金贵银业	2017-03-01	21.92	-0.04	-0.18	102812.0
2017-03-02 16:38:09 analyse.py[line:45] INFO 	002716	金贵银业	2017-02-28	21.96	-0.27	-1.21	115157.0
2017-03-02 16:38:09 analyse.py[line:45] INFO 	002716	金贵银业	2017-02-27	22.23	-0.15	-0.67	160750.0
2017-03-02 16:38:10 analyse.py[line:45] INFO 	000971	高升控股	2017-03-02	21.26	-0.17	-0.79	65375.0
2017-03-02 16:38:10 analyse.py[line:45] INFO 	000971	高升控股	2017-03-01	21.43	-0.02	-0.09	81304.0
2017-03-02 16:38:10 analyse.py[line:45] INFO 	000971	高升控股	2017-02-28	21.45	-0.48	-2.19	101931.0
2017-03-02 16:38:10 analyse.py[line:45] INFO 	000971	高升控股	2017-02-27	21.93	-2.06	-8.59	229847.0
2017-03-02 16:38:10 analyse.py[line:45] INFO 	000975	银泰资源	2017-03-02	16.56	-0.19	-1.13	74403.0
2017-03-02 16:38:10 analyse.py[line:45] INFO 	000975	银泰资源	2017-03-01	16.75	-0.18	-1.06	99819.0
2017-03-02 16:38:10 analyse.py[line:45] INFO 	000975	银泰资源	2017-02-28	16.93	-0.15	-0.88	81423.0
2017-03-02 16:38:10 analyse.py[line:45] INFO 	000975	银泰资源	2017-02-27	17.08	-0.17	-0.99	132287.0
2017-03-02 16:38:10 analyse.py[line:45] INFO 	603520	司太立	2017-03-02	46.92	-0.48	-1.01	13455.0
2017-03-02 16:38:10 analyse.py[line:45] INFO 	603520	司太立	2017-03-01	47.4	-0.02	-0.04	11057.0
2017-03-02 16:38:10 analyse.py[line:45] INFO 	603520	司太立	2017-02-28	47.42	-0.23	-0.48	10209.0
2017-03-02 16:38:10 analyse.py[line:45] INFO 	603520	司太立	2017-02-27	47.65	-0.95	-1.95	11937.0
2017-03-02 16:38:10 analyse.py[line:45] INFO 	603989	艾华集团	2017-03-02	34.21	-0.44	-1.27	8741.0
2017-03-02 16:38:10 analyse.py[line:45] INFO 	603989	艾华集团	2017-03-01	34.65	-0.2	-0.57	11508.0
2017-03-02 16:38:10 analyse.py[line:45] INFO 	603989	艾华集团	2017-02-28	34.85	-0.06	-0.17	7290.0
2017-03-02 16:38:10 analyse.py[line:45] INFO 	603989	艾华集团	2017-02-27	34.91	-0.73	-2.05	19678.0
2017-03-02 16:38:10 analyse.py[line:45] INFO 	600897	厦门空港	2017-03-02	23.7	-0.21	-0.88	20840.0
2017-03-02 16:38:10 analyse.py[line:45] INFO 	600897	厦门空港	2017-03-01	23.91	-0.01	-0.04	25658.0
2017-03-02 16:38:10 analyse.py[line:45] INFO 	600897	厦门空港	2017-02-28	23.92	-0.09	-0.37	23699.0
2017-03-02 16:38:10 analyse.py[line:45] INFO 	600897	厦门空港	2017-02-27	24.01	-0.67	-2.71	40548.0
2017-03-02 16:38:10 analyse.py[line:45] INFO 	601003	柳钢股份	2017-03-02	4.99	-0.02	-0.4	154176.0
2017-03-02 16:38:10 analyse.py[line:45] INFO 	601003	柳钢股份	2017-03-01	5.01	-0.02	-0.4	174558.0
2017-03-02 16:38:10 analyse.py[line:45] INFO 	601003	柳钢股份	2017-02-28	5.03	-0.02	-0.4	222313.0
2017-03-02 16:38:10 analyse.py[line:45] INFO 	601003	柳钢股份	2017-02-27	5.05	-0.1	-1.94	337870.0
2017-03-02 16:38:10 analyse.py[line:45] INFO 	002231	奥维通信	2017-03-02	13.72	-0.18	-1.29	33040.0
2017-03-02 16:38:10 analyse.py[line:45] INFO 	002231	奥维通信	2017-03-01	13.9	-0.28	-1.97	64854.0
2017-03-02 16:38:10 analyse.py[line:45] INFO 	002231	奥维通信	2017-02-28	14.18	-0.1	-0.7	23545.0
2017-03-02 16:38:10 analyse.py[line:45] INFO 	002231	奥维通信	2017-02-27	14.28	-0.13	-0.9	48690.0
2017-03-02 16:38:10 analyse.py[line:45] INFO 	600531	豫光金铅	2017-03-02	8.78	-0.03	-0.34	176904.0
2017-03-02 16:38:10 analyse.py[line:45] INFO 	600531	豫光金铅	2017-03-01	8.81	-0.01	-0.11	120669.0
2017-03-02 16:38:10 analyse.py[line:45] INFO 	600531	豫光金铅	2017-02-28	8.82	-0.04	-0.45	122589.0
2017-03-02 16:38:10 analyse.py[line:45] INFO 	600531	豫光金铅	2017-02-27	8.86	-0.09	-1.01	149388.0
2017-03-02 16:38:10 analyse.py[line:45] INFO 	600887	伊利股份	2017-03-02	17.96	-0.04	-0.22	271345.0
2017-03-02 16:38:10 analyse.py[line:45] INFO 	600887	伊利股份	2017-03-01	18.0	-0.06	-0.33	517517.0
2017-03-02 16:38:10 analyse.py[line:45] INFO 	600887	伊利股份	2017-02-28	18.06	-0.14	-0.77	447982.0
2017-03-02 16:38:10 analyse.py[line:45] INFO 	600887	伊利股份	2017-02-27	18.2	-0.07	-0.38	673248.0
2017-03-02 16:38:10 analyse.py[line:45] INFO 	601318	中国平安	2017-03-02	35.86	-0.3	-0.83	465656.0
2017-03-02 16:38:10 analyse.py[line:45] INFO 	601318	中国平安	2017-03-01	36.16	-0.07	-0.19	355081.0
2017-03-02 16:38:10 analyse.py[line:45] INFO 	601318	中国平安	2017-02-28	36.23	-0.09	-0.25	268469.0
2017-03-02 16:38:10 analyse.py[line:45] INFO 	601318	中国平安	2017-02-27	36.32	-0.24	-0.66	401406.0
2017-03-02 16:38:10 analyse.py[line:45] INFO 	600074	保千里	2017-03-02	13.12	-0.3	-2.24	147299.0
2017-03-02 16:38:10 analyse.py[line:45] INFO 	600074	保千里	2017-03-01	13.42	-0.02	-0.15	84965.0
2017-03-02 16:38:10 analyse.py[line:45] INFO 	600074	保千里	2017-02-28	13.44	-0.01	-0.07	64090.0
2017-03-02 16:38:10 analyse.py[line:45] INFO 	600074	保千里	2017-02-27	13.45	-0.02	-0.15	186882.0
2017-03-02 16:38:10 analyse.py[line:45] INFO 	000926	福星股份	2017-03-02	12.3	-0.1	-0.81	202331.0
2017-03-02 16:38:10 analyse.py[line:45] INFO 	000926	福星股份	2017-03-01	12.4	-0.01	-0.08	158788.0
2017-03-02 16:38:10 analyse.py[line:45] INFO 	000926	福星股份	2017-02-28	12.41	-0.14	-1.12	186418.0
2017-03-02 16:38:10 analyse.py[line:45] INFO 	000926	福星股份	2017-02-27	12.55	-0.09	-0.71	201322.0
2017-03-02 16:38:10 analyse.py[line:45] INFO 	002551	尚荣医疗	2017-03-02	18.46	-0.17	-0.91	47103.0
2017-03-02 16:38:10 analyse.py[line:45] INFO 	002551	尚荣医疗	2017-03-01	18.63	-0.07	-0.37	57308.0
2017-03-02 16:38:10 analyse.py[line:45] INFO 	002551	尚荣医疗	2017-02-28	18.7	-0.4	-2.09	87435.0
2017-03-02 16:38:10 analyse.py[line:45] INFO 	002551	尚荣医疗	2017-02-27	19.1	-0.18	-0.93	37465.0
2017-03-02 16:38:10 analyse.py[line:45] INFO 	002178	延华智能	2017-03-02	11.2	-0.48	-4.11	176033.0
2017-03-02 16:38:10 analyse.py[line:45] INFO 	002178	延华智能	2017-03-01	11.68	-0.07	-0.6	141275.0
2017-03-02 16:38:10 analyse.py[line:45] INFO 	002178	延华智能	2017-02-28	11.75	-0.25	-2.08	194120.0
2017-03-02 16:38:10 analyse.py[line:45] INFO 	002178	延华智能	2017-02-27	12.0	-0.04	-0.33	295379.0
2017-03-02 16:38:10 analyse.py[line:45] INFO 	002772	众兴菌业	2017-03-02	19.22	-0.14	-0.72	15015.0
2017-03-02 16:38:10 analyse.py[line:45] INFO 	002772	众兴菌业	2017-03-01	19.36	-0.08	-0.41	15060.0
2017-03-02 16:38:10 analyse.py[line:45] INFO 	002772	众兴菌业	2017-02-28	19.44	-0.21	-1.07	21957.0
2017-03-02 16:38:10 analyse.py[line:45] INFO 	002772	众兴菌业	2017-02-27	19.65	-0.1	-0.51	24400.0
2017-03-02 16:38:10 analyse.py[line:45] INFO 	000733	振华科技	2017-03-02	17.96	-0.15	-0.83	48287.0
2017-03-02 16:38:10 analyse.py[line:45] INFO 	000733	振华科技	2017-03-01	18.11	-0.05	-0.28	42842.0
2017-03-02 16:38:10 analyse.py[line:45] INFO 	000733	振华科技	2017-02-28	18.16	-0.03	-0.16	29090.0
2017-03-02 16:38:10 analyse.py[line:45] INFO 	000733	振华科技	2017-02-27	18.19	-0.22	-1.19	52587.0
2017-03-02 16:38:10 analyse.py[line:45] INFO 	600312	平高电气	2017-03-02	16.34	-0.2	-1.21	91665.0
2017-03-02 16:38:10 analyse.py[line:45] INFO 	600312	平高电气	2017-03-01	16.54	-0.06	-0.36	77800.0
2017-03-02 16:38:11 analyse.py[line:45] INFO 	600312	平高电气	2017-02-28	16.6	-0.02	-0.12	80600.0
2017-03-02 16:38:11 analyse.py[line:45] INFO 	600312	平高电气	2017-02-27	16.62	-0.17	-1.01	112804.0
2017-03-02 16:38:11 analyse.py[line:45] INFO 	603333	明星电缆	2017-03-02	9.16	-0.03	-0.33	35366.0
2017-03-02 16:38:11 analyse.py[line:45] INFO 	603333	明星电缆	2017-03-01	9.19	-0.07	-0.76	48931.0
2017-03-02 16:38:11 analyse.py[line:45] INFO 	603333	明星电缆	2017-02-28	9.26	-0.05	-0.54	59451.0
2017-03-02 16:38:11 analyse.py[line:45] INFO 	603333	明星电缆	2017-02-27	9.31	-0.25	-2.62	43125.0
2017-03-02 16:38:11 analyse.py[line:45] INFO 	603887	城地股份	2017-03-02	48.35	-0.11	-0.23	4604.0
2017-03-02 16:38:11 analyse.py[line:45] INFO 	603887	城地股份	2017-03-01	48.46	-0.32	-0.66	5505.0
2017-03-02 16:38:11 analyse.py[line:45] INFO 	603887	城地股份	2017-02-28	48.78	-0.45	-0.91	11398.0
2017-03-02 16:38:11 analyse.py[line:45] INFO 	603887	城地股份	2017-02-27	49.23	-0.41	-0.83	5974.0
2017-03-02 16:38:11 analyse.py[line:45] INFO 	600463	空港股份	2017-03-02	15.98	-0.38	-2.32	96055.0
2017-03-02 16:38:11 analyse.py[line:45] INFO 	600463	空港股份	2017-03-01	16.36	-0.07	-0.43	130570.0
2017-03-02 16:38:11 analyse.py[line:45] INFO 	600463	空港股份	2017-02-28	16.43	-0.51	-3.01	153298.0
2017-03-02 16:38:11 analyse.py[line:45] INFO 	600463	空港股份	2017-02-27	16.94	-0.31	-1.8	256471.0
2017-03-02 16:38:11 analyse.py[line:45] INFO 	000040	东旭蓝天	2017-03-02	12.38	-0.14	-1.12	26792.0
2017-03-02 16:38:11 analyse.py[line:45] INFO 	000040	东旭蓝天	2017-03-01	12.52	-0.05	-0.4	26757.0
2017-03-02 16:38:11 analyse.py[line:45] INFO 	000040	东旭蓝天	2017-02-28	12.57	-0.06	-0.48	27968.0
2017-03-02 16:38:11 analyse.py[line:45] INFO 	000040	东旭蓝天	2017-02-27	12.63	-0.07	-0.55	21163.0
2017-03-02 16:38:11 analyse.py[line:45] INFO 	601688	华泰证券	2017-03-02	18.1	-0.03	-0.17	440258.0
2017-03-02 16:38:11 analyse.py[line:45] INFO 	601688	华泰证券	2017-03-01	18.13	-0.02	-0.11	260485.0
2017-03-02 16:38:11 analyse.py[line:45] INFO 	601688	华泰证券	2017-02-28	18.15	-0.03	-0.17	241700.0
2017-03-02 16:38:11 analyse.py[line:45] INFO 	601688	华泰证券	2017-02-27	18.18	-0.3	-1.62	345968.0
2017-03-02 16:38:11 analyse.py[line:45] INFO 	601601	中国太保	2017-03-02	26.79	-0.43	-1.58	210736.0
2017-03-02 16:38:11 analyse.py[line:45] INFO 	601601	中国太保	2017-03-01	27.22	-0.12	-0.44	132754.0
2017-03-02 16:38:11 analyse.py[line:45] INFO 	601601	中国太保	2017-02-28	27.34	-0.07	-0.26	119878.0
2017-03-02 16:38:11 analyse.py[line:45] INFO 	601601	中国太保	2017-02-27	27.41	-0.17	-0.62	225248.0
2017-03-02 16:38:11 analyse.py[line:45] INFO 	000725	京东方Ａ	2017-03-02	3.21	-0.04	-1.23	2446044.0
2017-03-02 16:38:11 analyse.py[line:45] INFO 	000725	京东方Ａ	2017-03-01	3.25	-0.02	-0.61	2520424.0
2017-03-02 16:38:11 analyse.py[line:45] INFO 	000725	京东方Ａ	2017-02-28	3.27	-0.02	-0.61	1753862.0
2017-03-02 16:38:11 analyse.py[line:45] INFO 	000725	京东方Ａ	2017-02-27	3.29	-0.06	-1.79	2237560.0
2017-03-02 16:38:11 analyse.py[line:45] INFO 	002617	露笑科技	2017-03-02	15.52	-0.18	-1.15	25201.0
2017-03-02 16:38:11 analyse.py[line:45] INFO 	002617	露笑科技	2017-03-01	15.7	-0.07	-0.44	37132.0
2017-03-02 16:38:11 analyse.py[line:45] INFO 	002617	露笑科技	2017-02-28	15.77	-0.01	-0.06	39496.0
2017-03-02 16:38:11 analyse.py[line:45] INFO 	002617	露笑科技	2017-02-27	15.78	-0.62	-3.78	71784.0
2017-03-02 16:38:11 analyse.py[line:45] INFO 	002618	丹邦科技	2017-03-02	25.13	-0.1	-0.4	12358.0
2017-03-02 16:38:11 analyse.py[line:45] INFO 	002618	丹邦科技	2017-03-01	25.23	-0.09	-0.36	13131.0
2017-03-02 16:38:11 analyse.py[line:45] INFO 	002618	丹邦科技	2017-02-28	25.32	-0.38	-1.48	14017.0
2017-03-02 16:38:11 analyse.py[line:45] INFO 	002618	丹邦科技	2017-02-27	25.7	-0.51	-1.95	19007.0
2017-03-02 16:38:11 analyse.py[line:45] INFO 	601126	四方股份	2017-03-02	10.49	-0.61	-5.5	299711.0
2017-03-02 16:38:11 analyse.py[line:45] INFO 	601126	四方股份	2017-03-01	11.1	-0.05	-0.45	112935.0
2017-03-02 16:38:11 analyse.py[line:45] INFO 	601126	四方股份	2017-02-28	11.15	-0.03	-0.27	112169.0
2017-03-02 16:38:11 analyse.py[line:45] INFO 	601126	四方股份	2017-02-27	11.18	-0.24	-2.1	135614.0
2017-03-02 16:38:11 analyse.py[line:45] INFO 	600252	中恒集团	2017-03-02	4.69	-0.03	-0.64	261028.0
2017-03-02 16:38:11 analyse.py[line:45] INFO 	600252	中恒集团	2017-03-01	4.72	-0.01	-0.21	298149.0
2017-03-02 16:38:11 analyse.py[line:45] INFO 	600252	中恒集团	2017-02-28	4.73	-0.02	-0.42	227448.0
2017-03-02 16:38:11 analyse.py[line:45] INFO 	600252	中恒集团	2017-02-27	4.75	-0.06	-1.25	307948.0
2017-03-02 16:38:11 analyse.py[line:45] INFO 	002283	天润曲轴	2017-03-02	7.5	-0.15	-1.96	234380.0
2017-03-02 16:38:11 analyse.py[line:45] INFO 	002283	天润曲轴	2017-03-01	7.65	-0.13	-1.67	214100.0
2017-03-02 16:38:11 analyse.py[line:45] INFO 	002283	天润曲轴	2017-02-28	7.78	-0.13	-1.64	192665.0
2017-03-02 16:38:11 analyse.py[line:45] INFO 	002283	天润曲轴	2017-02-27	7.91	-0.08	-1.0	112918.0
2017-03-02 16:38:11 analyse.py[line:45] INFO 	002286	保龄宝	2017-03-02	14.74	-0.23	-1.54	59173.0
2017-03-02 16:38:11 analyse.py[line:45] INFO 	002286	保龄宝	2017-03-01	14.97	-0.14	-0.93	41757.0
2017-03-02 16:38:11 analyse.py[line:45] INFO 	002286	保龄宝	2017-02-28	15.11	-0.13	-0.85	25722.0
2017-03-02 16:38:11 analyse.py[line:45] INFO 	002286	保龄宝	2017-02-27	15.24	-0.34	-2.18	37149.0
2017-03-02 16:38:11 analyse.py[line:45] INFO 	002284	亚太股份	2017-03-02	13.14	-0.1	-0.76	61409.0
2017-03-02 16:38:11 analyse.py[line:45] INFO 	002284	亚太股份	2017-03-01	13.24	-0.02	-0.15	105731.0
2017-03-02 16:38:11 analyse.py[line:45] INFO 	002284	亚太股份	2017-02-28	13.26	-0.5	-3.63	175452.0
2017-03-02 16:38:11 analyse.py[line:45] INFO 	002284	亚太股份	2017-02-27	13.76	-0.13	-0.94	54625.0
2017-03-02 16:38:12 analyse.py[line:45] INFO 	002020	京新药业	2017-03-02	11.53	-0.12	-1.03	55631.0
2017-03-02 16:38:12 analyse.py[line:45] INFO 	002020	京新药业	2017-03-01	11.65	-0.02	-0.17	72365.0
2017-03-02 16:38:12 analyse.py[line:45] INFO 	002020	京新药业	2017-02-28	11.67	-0.14	-1.19	67545.0
2017-03-02 16:38:12 analyse.py[line:45] INFO 	002020	京新药业	2017-02-27	11.81	-0.13	-1.09	72199.0
2017-03-02 16:38:12 analyse.py[line:45] INFO 	002590	万安科技	2017-03-02	17.86	-0.02	-0.11	95005.0
2017-03-02 16:38:12 analyse.py[line:45] INFO 	002590	万安科技	2017-03-01	17.88	-0.74	-3.97	188863.0
2017-03-02 16:38:12 analyse.py[line:45] INFO 	002590	万安科技	2017-02-28	18.62	-0.18	-0.96	35339.0
2017-03-02 16:38:12 analyse.py[line:45] INFO 	002590	万安科技	2017-02-27	18.8	-0.53	-2.74	42329.0
2017-03-02 16:38:12 analyse.py[line:45] INFO 	600276	恒瑞医药	2017-03-02	49.6	-0.24	-0.48	54695.0
2017-03-02 16:38:12 analyse.py[line:45] INFO 	600276	恒瑞医药	2017-03-01	49.84	-0.55	-1.09	71447.0
2017-03-02 16:38:12 analyse.py[line:45] INFO 	600276	恒瑞医药	2017-02-28	50.39	-0.42	-0.83	40963.0
2017-03-02 16:38:12 analyse.py[line:45] INFO 	600276	恒瑞医药	2017-02-27	50.81	-0.55	-1.07	53392.0
2017-03-02 16:38:12 analyse.py[line:45] INFO 	000662	天夏智慧	2017-03-02	19.13	-0.37	-1.9	25648.0
2017-03-02 16:38:12 analyse.py[line:45] INFO 	000662	天夏智慧	2017-03-01	19.5	-0.07	-0.36	22285.0
2017-03-02 16:38:12 analyse.py[line:45] INFO 	000662	天夏智慧	2017-02-28	19.57	-0.05	-0.25	26689.0
2017-03-02 16:38:12 analyse.py[line:45] INFO 	000662	天夏智慧	2017-02-27	19.62	-0.01	-0.05	29491.0
2017-03-02 16:38:12 analyse.py[line:45] INFO 	000661	长春高新	2017-03-02	106.46	-2.01	-1.85	35628.0
2017-03-02 16:38:12 analyse.py[line:45] INFO 	000661	长春高新	2017-03-01	108.47	-0.41	-0.38	17928.0
2017-03-02 16:38:12 analyse.py[line:45] INFO 	000661	长春高新	2017-02-28	108.88	-1.41	-1.28	36214.0
2017-03-02 16:38:12 analyse.py[line:45] INFO 	000661	长春高新	2017-02-27	110.29	-0.49	-0.44	22376.0
2017-03-02 16:38:12 analyse.py[line:45] INFO 	000666	经纬纺机	2017-03-02	23.97	-0.6	-2.44	61466.0
2017-03-02 16:38:12 analyse.py[line:45] INFO 	000666	经纬纺机	2017-03-01	24.57	-0.2	-0.81	34237.0
2017-03-02 16:38:12 analyse.py[line:45] INFO 	000666	经纬纺机	2017-02-28	24.77	-0.16	-0.64	50481.0
2017-03-02 16:38:12 analyse.py[line:45] INFO 	000666	经纬纺机	2017-02-27	24.93	-0.24	-0.95	39862.0
2017-03-02 16:38:12 analyse.py[line:45] INFO 	603818	曲美家居	2017-03-02	16.18	-0.07	-0.43	26268.0
2017-03-02 16:38:12 analyse.py[line:45] INFO 	603818	曲美家居	2017-03-01	16.25	-0.1	-0.61	24895.0
2017-03-02 16:38:12 analyse.py[line:45] INFO 	603818	曲美家居	2017-02-28	16.35	-0.08	-0.49	22978.0
2017-03-02 16:38:12 analyse.py[line:45] INFO 	603818	曲美家居	2017-02-27	16.43	-0.12	-0.73	41719.0
2017-03-02 16:38:12 analyse.py[line:45] INFO 	002364	中恒电气	2017-03-02	18.87	-0.03	-0.16	45504.0
2017-03-02 16:38:12 analyse.py[line:45] INFO 	002364	中恒电气	2017-03-01	18.9	-0.14	-0.74	47296.0
2017-03-02 16:38:12 analyse.py[line:45] INFO 	002364	中恒电气	2017-02-28	19.04	-0.39	-2.01	89852.0
2017-03-02 16:38:12 analyse.py[line:45] INFO 	002364	中恒电气	2017-02-27	19.43	-0.38	-1.92	40319.0
2017-03-02 16:38:12 analyse.py[line:45] INFO 	600665	天地源	2017-03-02	5.34	-0.11	-2.02	96410.0
2017-03-02 16:38:12 analyse.py[line:45] INFO 	600665	天地源	2017-03-01	5.45	-0.03	-0.55	106016.0
2017-03-02 16:38:12 analyse.py[line:45] INFO 	600665	天地源	2017-02-28	5.48	-0.02	-0.36	96089.0
2017-03-02 16:38:12 analyse.py[line:45] INFO 	600665	天地源	2017-02-27	5.5	-0.01	-0.18	79268.0
2017-03-02 16:38:12 analyse.py[line:45] INFO 	000529	广弘控股	2017-03-02	11.11	-0.19	-1.68	34259.0
2017-03-02 16:38:12 analyse.py[line:45] INFO 	000529	广弘控股	2017-03-01	11.3	-0.03	-0.26	38123.0
2017-03-02 16:38:12 analyse.py[line:45] INFO 	000529	广弘控股	2017-02-28	11.33	-0.04	-0.35	27255.0
2017-03-02 16:38:12 analyse.py[line:45] INFO 	000529	广弘控股	2017-02-27	11.37	-0.17	-1.47	44146.0
2017-03-02 16:38:12 analyse.py[line:45] INFO 	002039	黔源电力	2017-03-02	16.47	-0.17	-1.02	37129.0
2017-03-02 16:38:12 analyse.py[line:45] INFO 	002039	黔源电力	2017-03-01	16.64	-0.16	-0.95	62505.0
2017-03-02 16:38:12 analyse.py[line:45] INFO 	002039	黔源电力	2017-02-28	16.8	-0.66	-3.78	114265.0
2017-03-02 16:38:12 analyse.py[line:45] INFO 	002039	黔源电力	2017-02-27	17.46	-0.13	-0.74	82843.0
2017-03-02 16:38:12 analyse.py[line:45] INFO 	002639	雪人股份	2017-03-02	11.4	-0.15	-1.3	70378.0
2017-03-02 16:38:12 analyse.py[line:45] INFO 	002639	雪人股份	2017-03-01	11.55	-0.08	-0.69	76851.0
2017-03-02 16:38:12 analyse.py[line:45] INFO 	002639	雪人股份	2017-02-28	11.63	-0.03	-0.26	102467.0
2017-03-02 16:38:12 analyse.py[line:45] INFO 	002639	雪人股份	2017-02-27	11.66	-0.27	-2.26	114868.0
2017-03-02 16:38:12 analyse.py[line:45] INFO 	600281	太化股份	2017-03-02	8.35	-0.19	-2.22	186868.0
2017-03-02 16:38:12 analyse.py[line:45] INFO 	600281	太化股份	2017-03-01	8.54	-0.05	-0.58	178786.0
2017-03-02 16:38:12 analyse.py[line:45] INFO 	600281	太化股份	2017-02-28	8.59	-0.01	-0.12	180110.0
2017-03-02 16:38:12 analyse.py[line:45] INFO 	600281	太化股份	2017-02-27	8.6	-0.2	-2.27	173129.0
2017-03-02 16:38:12 analyse.py[line:45] INFO 	002155	湖南黄金	2017-03-02	11.94	-0.07	-0.58	255991.0
2017-03-02 16:38:12 analyse.py[line:45] INFO 	002155	湖南黄金	2017-03-01	12.01	-0.12	-0.99	226695.0
2017-03-02 16:38:12 analyse.py[line:45] INFO 	002155	湖南黄金	2017-02-28	12.13	-0.04	-0.33	206399.0
2017-03-02 16:38:12 analyse.py[line:45] INFO 	002155	湖南黄金	2017-02-27	12.17	-0.05	-0.41	313806.0
2017-03-02 16:38:12 analyse.py[line:45] INFO 	600917	重庆燃气	2017-03-02	12.86	-0.18	-1.38	52080.0
2017-03-02 16:38:12 analyse.py[line:45] INFO 	600917	重庆燃气	2017-03-01	13.04	-0.05	-0.38	39789.0
2017-03-02 16:38:12 analyse.py[line:45] INFO 	600917	重庆燃气	2017-02-28	13.09	-0.02	-0.15	36985.0
2017-03-02 16:38:12 analyse.py[line:45] INFO 	600917	重庆燃气	2017-02-27	13.11	-0.26	-1.94	63646.0
2017-03-02 16:38:12 analyse.py[line:45] INFO 	600547	山东黄金	2017-03-02	36.48	-0.34	-0.92	172186.0
2017-03-02 16:38:12 analyse.py[line:45] INFO 	600547	山东黄金	2017-03-01	36.82	-0.25	-0.67	156766.0
2017-03-02 16:38:12 analyse.py[line:45] INFO 	600547	山东黄金	2017-02-28	37.07	-0.38	-1.01	155175.0
2017-03-02 16:38:13 analyse.py[line:45] INFO 	600547	山东黄金	2017-02-27	37.45	-0.06	-0.16	255702.0
2017-03-02 16:38:13 analyse.py[line:45] INFO 	600706	曲江文旅	2017-03-02	19.63	-0.1	-0.51	16423.0
2017-03-02 16:38:13 analyse.py[line:45] INFO 	600706	曲江文旅	2017-03-01	19.73	-0.03	-0.15	22366.0
2017-03-02 16:38:13 analyse.py[line:45] INFO 	600706	曲江文旅	2017-02-28	19.76	-0.12	-0.6	22892.0
2017-03-02 16:38:13 analyse.py[line:45] INFO 	600706	曲江文旅	2017-02-27	19.88	-0.27	-1.34	25870.0
2017-03-02 16:38:13 analyse.py[line:45] INFO 	000514	渝 开 发	2017-03-02	10.62	-0.18	-1.67	365720.0
2017-03-02 16:38:13 analyse.py[line:45] INFO 	000514	渝 开 发	2017-03-01	10.8	-0.2	-1.82	413851.0
2017-03-02 16:38:13 analyse.py[line:45] INFO 	000514	渝 开 发	2017-02-28	11.0	-0.11	-0.99	594148.0
2017-03-02 16:38:13 analyse.py[line:45] INFO 	000514	渝 开 发	2017-02-27	11.11	-0.65	-5.53	716648.0
2017-03-02 16:38:13 analyse.py[line:45] INFO 	002643	万润股份	2017-03-02	36.93	-0.04	-0.11	34280.0
2017-03-02 16:38:13 analyse.py[line:45] INFO 	002643	万润股份	2017-03-01	36.97	-0.36	-0.96	47326.0
2017-03-02 16:38:13 analyse.py[line:45] INFO 	002643	万润股份	2017-02-28	37.33	-0.07	-0.19	52212.0
2017-03-02 16:38:13 analyse.py[line:45] INFO 	002643	万润股份	2017-02-27	37.4	-0.98	-2.55	48532.0
2017-03-02 16:38:13 analyse.py[line:45] INFO 	002646	青青稞酒	2017-03-02	20.42	-0.01	-0.05	38721.0
2017-03-02 16:38:13 analyse.py[line:45] INFO 	002646	青青稞酒	2017-03-01	20.43	-0.15	-0.73	28153.0
2017-03-02 16:38:13 analyse.py[line:45] INFO 	002646	青青稞酒	2017-02-28	20.58	-0.03	-0.15	24391.0
2017-03-02 16:38:13 analyse.py[line:45] INFO 	002646	青青稞酒	2017-02-27	20.61	-0.01	-0.05	46593.0
2017-03-02 16:38:13 analyse.py[line:45] INFO 	603909	合诚股份	2017-03-02	45.77	-0.11	-0.24	8689.0
2017-03-02 16:38:13 analyse.py[line:45] INFO 	603909	合诚股份	2017-03-01	45.88	-0.05	-0.11	9111.0
2017-03-02 16:38:13 analyse.py[line:45] INFO 	603909	合诚股份	2017-02-28	45.93	-0.42	-0.91	10243.0
2017-03-02 16:38:13 analyse.py[line:45] INFO 	603909	合诚股份	2017-02-27	46.35	-0.06	-0.13	14619.0
2017-03-02 16:38:13 analyse.py[line:45] INFO 	600864	哈投股份	2017-03-02	10.51	-0.03	-0.28	40167.0
2017-03-02 16:38:13 analyse.py[line:45] INFO 	600864	哈投股份	2017-03-01	10.54	-0.01	-0.09	33461.0
2017-03-02 16:38:13 analyse.py[line:45] INFO 	600864	哈投股份	2017-02-28	10.55	-0.05	-0.47	44295.0
2017-03-02 16:38:13 analyse.py[line:45] INFO 	600864	哈投股份	2017-02-27	10.6	-0.06	-0.56	84953.0
2017-03-02 16:38:13 analyse.py[line:45] INFO 	600845	宝信软件	2017-03-02	18.45	-0.55	-2.89	61824.0
2017-03-02 16:38:13 analyse.py[line:45] INFO 	600845	宝信软件	2017-03-01	19.0	-0.16	-0.84	37305.0
2017-03-02 16:38:13 analyse.py[line:45] INFO 	600845	宝信软件	2017-02-28	19.16	-0.01	-0.05	33447.0
2017-03-02 16:38:13 analyse.py[line:45] INFO 	600845	宝信软件	2017-02-27	19.17	-0.47	-2.39	37865.0
2017-03-02 16:38:13 analyse.py[line:45] INFO 	000509	华塑控股	2017-03-02	7.57	-0.06	-0.79	61804.0
2017-03-02 16:38:13 analyse.py[line:45] INFO 	000509	华塑控股	2017-03-01	7.63	-0.09	-1.17	114184.0
2017-03-02 16:38:13 analyse.py[line:45] INFO 	000509	华塑控股	2017-02-28	7.72	-0.13	-1.66	165045.0
2017-03-02 16:38:13 analyse.py[line:45] INFO 	000509	华塑控股	2017-02-27	7.85	-0.19	-2.36	75176.0
2017-03-02 16:38:13 analyse.py[line:45] INFO 	002013	中航机电	2017-03-02	16.99	-0.12	-0.7	138808.0
2017-03-02 16:38:13 analyse.py[line:45] INFO 	002013	中航机电	2017-03-01	17.11	-0.03	-0.18	123171.0
2017-03-02 16:38:13 analyse.py[line:45] INFO 	002013	中航机电	2017-02-28	17.14	-0.2	-1.15	177327.0
2017-03-02 16:38:13 analyse.py[line:45] INFO 	002013	中航机电	2017-02-27	17.34	-0.09	-0.52	64197.0
2017-03-02 16:38:13 analyse.py[line:45] INFO 	002011	盾安环境	2017-03-02	9.69	-0.07	-0.72	55406.0
2017-03-02 16:38:13 analyse.py[line:45] INFO 	002011	盾安环境	2017-03-01	9.76	-0.01	-0.1	50578.0
2017-03-02 16:38:13 analyse.py[line:45] INFO 	002011	盾安环境	2017-02-28	9.77	-0.03	-0.31	47555.0
2017-03-02 16:38:13 analyse.py[line:45] INFO 	002011	盾安环境	2017-02-27	9.8	-0.02	-0.2	48131.0
2017-03-02 16:38:13 analyse.py[line:45] INFO 	002659	中泰桥梁	2017-03-02	15.85	-0.21	-1.31	34291.0
2017-03-02 16:38:13 analyse.py[line:45] INFO 	002659	中泰桥梁	2017-03-01	16.06	-0.1	-0.62	32036.0
2017-03-02 16:38:13 analyse.py[line:45] INFO 	002659	中泰桥梁	2017-02-28	16.16	-0.01	-0.06	33914.0
2017-03-02 16:38:13 analyse.py[line:45] INFO 	002659	中泰桥梁	2017-02-27	16.17	-0.16	-0.98	27038.0
2017-03-02 16:38:13 analyse.py[line:45] INFO 	000893	东凌国际	2017-03-02	14.33	-0.09	-0.62	65722.0
2017-03-02 16:38:13 analyse.py[line:45] INFO 	000893	东凌国际	2017-03-01	14.42	-0.06	-0.41	113018.0
2017-03-02 16:38:13 analyse.py[line:45] INFO 	000893	东凌国际	2017-02-28	14.48	-0.04	-0.28	88598.0
2017-03-02 16:38:13 analyse.py[line:45] INFO 	000893	东凌国际	2017-02-27	14.52	-0.18	-1.22	110760.0
2017-03-02 17:16:52 analyse.py[line:26] ERROR Traceback (most recent call last):
  File ".\analyse.py", line 21, in getdata
    cursor = conn.execute(sql)
OperationalError: no such table: STOCK_VALUE

2017-03-02 17:17:24 analyse.py[line:26] ERROR Traceback (most recent call last):
  File ".\analyse.py", line 22, in getdata
    cursor = conn.execute(sql)
OperationalError: no such table: STOCK_VALUE

2017-03-02 17:17:24 analyse.py[line:26] ERROR Traceback (most recent call last):
  File ".\analyse.py", line 22, in getdata
    cursor = conn.execute(sql)
OperationalError: no such table: STOCK_VALUE

2017-03-02 17:17:41 analyse.py[line:26] ERROR Traceback (most recent call last):
  File ".\analyse.py", line 22, in getdata
    cursor = conn.execute(sql)
OperationalError: no such column: PRICE

2017-03-02 18:20:58 analyse.py[line:45] INFO [[u'002120', u'\u97f5\u8fbe\u80a1\u4efd', -8.41, 55.55], [u'002843', u'\u6cf0\u5609\u80a1\u4efd', -6.97, 43.51], [u'603036', u'\u5982\u901a\u80a1\u4efd', -6.51, 46.63], [u'002800', u'\u5929\u987a\u80a1\u4efd', -4.87, 66.23], [u'002606', u'\u5927\u8fde\u7535\u74f7', -4.65, 46.49], [u'000048', u'\u5eb7\u8fbe\u5c14', -4.04, 37.92], [u'002838', u'\u9053\u6069\u80a1\u4efd', -3.98, 68.06], [u'002468', u'\u7533\u901a\u5feb\u9012', -3.5300000000000002, 31.79], [u'603330', u'\u4e0a\u6d77\u5929\u6d0b', -3.3699999999999997, 72.22], [u'002694', u'\u987e\u5730\u79d1\u6280', -2.88, 37.19]]
2017-03-02 18:27:07 analyse.py[line:49] INFO [[u'603138', u'\u6d77\u91cf\u6570\u636e', 0.0, 0.0, 0], [u'000621', u'*ST\u6bd4\u7279', 0.0, 0.0, 0], [u'002333', u'\u7f57\u666e\u65af\u91d1', 0.0, 17.16, 0], [u'002335', u'\u79d1\u534e\u6052\u76db', 0.0, 42.9, 0], [u'600855', u'\u822a\u5929\u957f\u5cf0', 0.0, 28.89, 0], [u'600852', u'*ST\u4e2d\u5ddd', 0.0, 0.0, 0], [u'600859', u'\u738b\u5e9c\u4e95', 0.0, 16.28, 0], [u'002803', u'\u5409\u5b8f\u80a1\u4efd', 0.0, 45.38, 0], [u'002806', u'\u534e\u950b\u80a1\u4efd', 0.0, 62.1, 0], [u'002486', u'\u5609\u9e9f\u6770', 0.0, 8.64, 0]]
2017-03-02 18:28:50 analyse.py[line:50] INFO [u'603138', u'\u6d77\u91cf\u6570\u636e', 0.0, 0.0, 0]
2017-03-02 18:28:50 analyse.py[line:50] INFO [u'000621', u'*ST\u6bd4\u7279', 0.0, 0.0, 0]
2017-03-02 18:28:50 analyse.py[line:50] INFO [u'002333', u'\u7f57\u666e\u65af\u91d1', 0.0, 17.16, 0]
2017-03-02 18:28:50 analyse.py[line:50] INFO [u'002335', u'\u79d1\u534e\u6052\u76db', 0.0, 42.9, 0]
2017-03-02 18:28:50 analyse.py[line:50] INFO [u'600855', u'\u822a\u5929\u957f\u5cf0', 0.0, 28.89, 0]
2017-03-02 18:28:50 analyse.py[line:50] INFO [u'600852', u'*ST\u4e2d\u5ddd', 0.0, 0.0, 0]
2017-03-02 18:28:50 analyse.py[line:50] INFO [u'600859', u'\u738b\u5e9c\u4e95', 0.0, 16.28, 0]
2017-03-02 18:28:50 analyse.py[line:50] INFO [u'002803', u'\u5409\u5b8f\u80a1\u4efd', 0.0, 45.38, 0]
2017-03-02 18:28:50 analyse.py[line:50] INFO [u'002806', u'\u534e\u950b\u80a1\u4efd', 0.0, 62.1, 0]
2017-03-02 18:28:50 analyse.py[line:50] INFO [u'002486', u'\u5609\u9e9f\u6770', 0.0, 8.64, 0]
2017-03-02 18:28:50 analyse.py[line:50] INFO [u'600832', u'\u4e1c\u65b9\u660e\u73e0', 0.0, 0.0, 0]
2017-03-02 18:28:50 analyse.py[line:50] INFO [u'002063', u'\u8fdc\u5149\u8f6f\u4ef6', 0.0, 12.86, 0]
2017-03-02 18:28:50 analyse.py[line:50] INFO [u'002061', u'*ST\u6c5f\u5316', 0.0, 8.96, 0]
2017-03-02 18:28:50 analyse.py[line:50] INFO [u'002795', u'\u6c38\u548c\u667a\u63a7', 0.0, 91.6, 0]
2017-03-02 18:28:50 analyse.py[line:50] INFO [u'600102', u'\u83b1\u94a2\u80a1\u4efd', 0.0, 0.0, 0]
2017-03-02 18:28:50 analyse.py[line:50] INFO [u'000406', u'\u5927\u660e\u9000\u5e02', 0.0, 0.0, 0]
2017-03-02 18:28:50 analyse.py[line:50] INFO [u'000405', u'ST\u946b\u5149', 0.0, 0.0, 0]
2017-03-02 18:28:50 analyse.py[line:50] INFO [u'002664', u'\u4fe1\u8d28\u7535\u673a', 0.0, 25.39, 0]
2017-03-02 18:28:50 analyse.py[line:50] INFO [u'002663', u'\u666e\u90a6\u80a1\u4efd', 0.0, 6.03, 0]
2017-03-02 18:28:50 analyse.py[line:50] INFO [u'002464', u'\u91d1\u5229\u79d1\u6280', 0.0, 69.0, 0]
2017-03-02 18:29:15 analyse.py[line:50] INFO [u'002625', u'\u9f99\u751f\u80a1\u4efd', 0.010000000000000009, 36.07, 360699.9999999997]
2017-03-02 18:29:15 analyse.py[line:50] INFO [u'603313', u'\u68a6\u767e\u5408', -0.010000000000000009, 35.73, 357299.99999999965]
2017-03-02 18:29:15 analyse.py[line:50] INFO [u'000901', u'\u822a\u5929\u79d1\u6280', -0.010000000000000009, 35.72, 357199.9999999997]
2017-03-02 18:29:15 analyse.py[line:50] INFO [u'002756', u'\u6c38\u5174\u7279\u94a2', 0.010000000000000009, 29.1, 290999.99999999977]
2017-03-02 18:29:15 analyse.py[line:50] INFO [u'603959', u'\u767e\u5229\u79d1\u6280', -0.009999999999999995, 27.09, 270900.0000000001]
2017-03-02 18:29:15 analyse.py[line:50] INFO [u'603559', u'\u4e2d\u901a\u56fd\u8109', 0.020000000000000004, 54.0, 269999.99999999994]
2017-03-02 18:29:15 analyse.py[line:50] INFO [u'000738', u'\u4e2d\u822a\u52a8\u63a7', -0.009999999999999981, 25.22, 252200.00000000047]
2017-03-02 18:29:15 analyse.py[line:50] INFO [u'600072', u'\u94a2\u6784\u5de5\u7a0b', -0.010000000000000009, 22.03, 220299.99999999983]
2017-03-02 18:29:15 analyse.py[line:50] INFO [u'002384', u'\u4e1c\u5c71\u7cbe\u5bc6', -0.010000000000000009, 19.19, 191899.99999999985]
2017-03-02 18:29:15 analyse.py[line:50] INFO [u'002741', u'\u5149\u534e\u79d1\u6280', -0.01, 18.4, 183999.99999999997]
2017-03-02 18:29:15 analyse.py[line:50] INFO [u'603822', u'\u5609\u6fb3\u73af\u4fdd', 0.030000000000000027, 54.02, 180066.6666666665]
2017-03-02 18:29:15 analyse.py[line:50] INFO [u'002640', u'\u8de8\u5883\u901a', -0.009999999999999995, 17.74, 177400.00000000006]
2017-03-02 18:29:15 analyse.py[line:50] INFO [u'600197', u'\u4f0a\u529b\u7279', -0.009999999999999995, 17.58, 175800.00000000006]
2017-03-02 18:29:15 analyse.py[line:50] INFO [u'603699', u'\u7ebd\u5a01\u80a1\u4efd', -0.009999999999999995, 16.88, 168800.00000000006]
2017-03-02 18:29:15 analyse.py[line:50] INFO [u'603599', u'\u5e7f\u4fe1\u80a1\u4efd', -0.010000000000000002, 16.88, 168799.99999999994]
2017-03-02 18:29:15 analyse.py[line:50] INFO [u'002609', u'\u6377\u987a\u79d1\u6280', -0.009999999999999995, 16.38, 163800.00000000006]
2017-03-02 18:29:15 analyse.py[line:50] INFO [u'603918', u'\u91d1\u6865\u4fe1\u606f', -0.020000000000000018, 32.51, 162549.99999999985]
2017-03-02 18:29:15 analyse.py[line:50] INFO [u'603889', u'\u65b0\u6fb3\u80a1\u4efd', 0.009999999999999995, 16.16, 161600.0000000001]
2017-03-02 18:29:15 analyse.py[line:50] INFO [u'600493', u'\u51e4\u7af9\u7eba\u7ec7', -0.01, 15.47, 154700.0]
2017-03-02 18:29:15 analyse.py[line:50] INFO [u'600420', u'\u73b0\u4ee3\u5236\u836f', -0.020000000000000004, 30.71, 153549.99999999997]
2017-03-02 18:36:44 analyse.py[line:53] INFO [u'603313', u'\u68a6\u767e\u5408', -0.010000000000000009, 35.73, 357299.99999999965]
2017-03-02 18:36:44 analyse.py[line:53] INFO [u'000901', u'\u822a\u5929\u79d1\u6280', -0.010000000000000009, 35.72, 357199.9999999997]
2017-03-02 18:36:44 analyse.py[line:53] INFO [u'603959', u'\u767e\u5229\u79d1\u6280', -0.009999999999999995, 27.09, 270900.0000000001]
2017-03-02 18:36:44 analyse.py[line:53] INFO [u'000738', u'\u4e2d\u822a\u52a8\u63a7', -0.009999999999999981, 25.22, 252200.00000000047]
2017-03-02 18:36:44 analyse.py[line:53] INFO [u'600072', u'\u94a2\u6784\u5de5\u7a0b', -0.010000000000000009, 22.03, 220299.99999999983]
2017-03-02 18:36:44 analyse.py[line:53] INFO [u'002384', u'\u4e1c\u5c71\u7cbe\u5bc6', -0.010000000000000009, 19.19, 191899.99999999985]
2017-03-02 18:36:44 analyse.py[line:53] INFO [u'002741', u'\u5149\u534e\u79d1\u6280', -0.01, 18.4, 183999.99999999997]
2017-03-02 18:36:44 analyse.py[line:53] INFO [u'002640', u'\u8de8\u5883\u901a', -0.009999999999999995, 17.74, 177400.00000000006]
2017-03-02 18:36:44 analyse.py[line:53] INFO [u'600197', u'\u4f0a\u529b\u7279', -0.009999999999999995, 17.58, 175800.00000000006]
2017-03-02 18:36:44 analyse.py[line:53] INFO [u'603699', u'\u7ebd\u5a01\u80a1\u4efd', -0.009999999999999995, 16.88, 168800.00000000006]
2017-03-02 18:36:44 analyse.py[line:53] INFO [u'603599', u'\u5e7f\u4fe1\u80a1\u4efd', -0.010000000000000002, 16.88, 168799.99999999994]
2017-03-02 18:36:44 analyse.py[line:53] INFO [u'002609', u'\u6377\u987a\u79d1\u6280', -0.009999999999999995, 16.38, 163800.00000000006]
2017-03-02 18:36:44 analyse.py[line:53] INFO [u'603918', u'\u91d1\u6865\u4fe1\u606f', -0.020000000000000018, 32.51, 162549.99999999985]
2017-03-02 18:36:44 analyse.py[line:53] INFO [u'600493', u'\u51e4\u7af9\u7eba\u7ec7', -0.01, 15.47, 154700.0]
2017-03-02 18:36:44 analyse.py[line:53] INFO [u'600420', u'\u73b0\u4ee3\u5236\u836f', -0.020000000000000004, 30.71, 153549.99999999997]
2017-03-02 18:36:44 analyse.py[line:53] INFO [u'002174', u'\u6e38\u65cf\u7f51\u7edc', -0.02, 28.9, 144500.0]
2017-03-02 18:36:44 analyse.py[line:53] INFO [u'000791', u'\u7518\u8083\u7535\u6295', -0.009999999999999981, 14.28, 142800.00000000026]
2017-03-02 18:36:44 analyse.py[line:53] INFO [u'600267', u'\u6d77\u6b63\u836f\u4e1a', -0.010000000000000002, 13.83, 138299.99999999997]
2017-03-02 18:36:44 analyse.py[line:53] INFO [u'600597', u'\u5149\u660e\u4e73\u4e1a', -0.009999999999999995, 13.24, 132400.00000000006]
2017-03-02 18:36:44 analyse.py[line:53] INFO [u'600095', u'\u54c8\u9ad8\u79d1', -0.010000000000000009, 13.0, 129999.99999999988]
2017-03-02 18:37:25 analyse.py[line:53] INFO [u'002843', u'\u6cf0\u5609\u80a1\u4efd', -6.97, 43.51, 16.019305906688118]
2017-03-02 18:37:25 analyse.py[line:53] INFO [u'002120', u'\u97f5\u8fbe\u80a1\u4efd', -8.41, 55.55, 15.13951395139514]
2017-03-02 18:37:25 analyse.py[line:53] INFO [u'603036', u'\u5982\u901a\u80a1\u4efd', -6.51, 46.63, 13.960969333047393]
2017-03-02 18:37:25 analyse.py[line:53] INFO [u'603300', u'\u534e\u94c1\u79d1\u6280', -2.42, 20.42, 11.851126346718901]
2017-03-02 18:37:25 analyse.py[line:53] INFO [u'002468', u'\u7533\u901a\u5feb\u9012', -3.5300000000000002, 31.79, 11.104120792702108]
2017-03-02 18:37:25 analyse.py[line:53] INFO [u'000048', u'\u5eb7\u8fbe\u5c14', -4.04, 37.92, 10.654008438818565]
2017-03-02 18:37:25 analyse.py[line:53] INFO [u'002584', u'\u897f\u9647\u79d1\u5b66', -1.59, 15.88, 10.012594458438286]
2017-03-02 18:37:25 analyse.py[line:53] INFO [u'002606', u'\u5927\u8fde\u7535\u74f7', -4.65, 46.49, 10.0021510002151]
2017-03-02 18:37:25 analyse.py[line:53] INFO [u'600233', u'\u5706\u901a\u901f\u9012', -2.5300000000000002, 29.27, 8.643662453023575]
2017-03-02 18:37:25 analyse.py[line:53] INFO [u'000548', u'\u6e56\u5357\u6295\u8d44', -0.9, 10.81, 8.325624421831638]
2017-03-02 18:37:25 analyse.py[line:53] INFO [u'002323', u'\u96c5\u767e\u7279', -1.54, 19.66, 7.8331637843336726]
2017-03-02 18:37:25 analyse.py[line:53] INFO [u'002694', u'\u987e\u5730\u79d1\u6280', -2.88, 37.19, 7.744017208927131]
2017-03-02 18:37:25 analyse.py[line:53] INFO [u'002800', u'\u5929\u987a\u80a1\u4efd', -4.87, 66.23, 7.353163219085007]
2017-03-02 18:37:25 analyse.py[line:53] INFO [u'603569', u'\u957f\u4e45\u7269\u6d41', -2.75, 41.09, 6.692625943051837]
2017-03-02 18:37:25 analyse.py[line:53] INFO [u'002072', u'\u51ef\u745e\u5fb7', -1.69, 26.09, 6.4775776159448055]
2017-03-02 18:37:25 analyse.py[line:53] INFO [u'002807', u'\u6c5f\u9634\u94f6\u884c', -1.2999999999999998, 21.4, 6.074766355140186]
2017-03-02 18:37:25 analyse.py[line:53] INFO [u'603800', u'\u9053\u68ee\u80a1\u4efd', -2.34, 39.26, 5.960264900662252]
2017-03-02 18:37:25 analyse.py[line:53] INFO [u'601126', u'\u56db\u65b9\u80a1\u4efd', -0.66, 11.15, 5.9192825112107625]
2017-03-02 18:37:25 analyse.py[line:53] INFO [u'002838', u'\u9053\u6069\u80a1\u4efd', -3.98, 68.06, 5.847781369379958]
2017-03-02 18:37:25 analyse.py[line:53] INFO [u'002265', u'\u897f\u4eea\u80a1\u4efd', -1.62, 27.72, 5.8441558441558445]
2017-03-02 18:38:42 analyse.py[line:53] INFO 002843,泰嘉股份,-6.97,43.51,16.0193059067
2017-03-02 18:38:42 analyse.py[line:53] INFO 002120,韵达股份,-8.41,55.55,15.1395139514
2017-03-02 18:38:42 analyse.py[line:53] INFO 603036,如通股份,-6.51,46.63,13.960969333
2017-03-02 18:38:42 analyse.py[line:53] INFO 603300,华铁科技,-2.42,20.42,11.8511263467
2017-03-02 18:38:42 analyse.py[line:53] INFO 002468,申通快递,-3.53,31.79,11.1041207927
2017-03-02 18:38:42 analyse.py[line:53] INFO 000048,康达尔,-4.04,37.92,10.6540084388
2017-03-02 18:38:42 analyse.py[line:53] INFO 002584,西陇科学,-1.59,15.88,10.0125944584
2017-03-02 18:38:42 analyse.py[line:53] INFO 002606,大连电瓷,-4.65,46.49,10.0021510002
2017-03-02 18:38:42 analyse.py[line:53] INFO 600233,圆通速递,-2.53,29.27,8.64366245302
2017-03-02 18:38:42 analyse.py[line:53] INFO 000548,湖南投资,-0.9,10.81,8.32562442183
2017-03-02 18:38:42 analyse.py[line:53] INFO 002323,雅百特,-1.54,19.66,7.83316378433
2017-03-02 18:38:42 analyse.py[line:53] INFO 002694,顾地科技,-2.88,37.19,7.74401720893
2017-03-02 18:38:42 analyse.py[line:53] INFO 002800,天顺股份,-4.87,66.23,7.35316321909
2017-03-02 18:38:42 analyse.py[line:53] INFO 603569,长久物流,-2.75,41.09,6.69262594305
2017-03-02 18:38:42 analyse.py[line:53] INFO 002072,凯瑞德,-1.69,26.09,6.47757761594
2017-03-02 18:38:42 analyse.py[line:53] INFO 002807,江阴银行,-1.3,21.4,6.07476635514
2017-03-02 18:38:42 analyse.py[line:53] INFO 603800,道森股份,-2.34,39.26,5.96026490066
2017-03-02 18:38:42 analyse.py[line:53] INFO 601126,四方股份,-0.66,11.15,5.91928251121
2017-03-02 18:38:42 analyse.py[line:53] INFO 002838,道恩股份,-3.98,68.06,5.84778136938
2017-03-02 18:38:42 analyse.py[line:53] INFO 002265,西仪股份,-1.62,27.72,5.84415584416
2017-03-02 18:43:14 analyse.py[line:53] INFO 002843,泰嘉股份,-6.97,43.51,16.02
2017-03-02 18:43:14 analyse.py[line:53] INFO 002120,韵达股份,-8.41,55.55,15.14
2017-03-02 18:43:14 analyse.py[line:53] INFO 603036,如通股份,-6.51,46.63,13.96
2017-03-02 18:43:14 analyse.py[line:53] INFO 603300,华铁科技,-2.42,20.42,11.85
2017-03-02 18:43:14 analyse.py[line:53] INFO 002468,申通快递,-3.53,31.79,11.1
2017-03-02 18:43:14 analyse.py[line:53] INFO 000048,康达尔,-4.04,37.92,10.65
2017-03-02 18:43:14 analyse.py[line:53] INFO 002584,西陇科学,-1.59,15.88,10.01
2017-03-02 18:43:14 analyse.py[line:53] INFO 002606,大连电瓷,-4.65,46.49,10.0
2017-03-02 18:43:14 analyse.py[line:53] INFO 600233,圆通速递,-2.53,29.27,8.64
2017-03-02 18:43:14 analyse.py[line:53] INFO 000548,湖南投资,-0.9,10.81,8.33
2017-03-02 18:43:14 analyse.py[line:53] INFO 002323,雅百特,-1.54,19.66,7.83
2017-03-02 18:43:14 analyse.py[line:53] INFO 002694,顾地科技,-2.88,37.19,7.74
2017-03-02 18:43:14 analyse.py[line:53] INFO 002800,天顺股份,-4.87,66.23,7.35
2017-03-02 18:43:14 analyse.py[line:53] INFO 603569,长久物流,-2.75,41.09,6.69
2017-03-02 18:43:14 analyse.py[line:53] INFO 002072,凯瑞德,-1.69,26.09,6.48
2017-03-02 18:43:14 analyse.py[line:53] INFO 002807,江阴银行,-1.3,21.4,6.07
2017-03-02 18:43:14 analyse.py[line:53] INFO 603800,道森股份,-2.34,39.26,5.96
2017-03-02 18:43:14 analyse.py[line:53] INFO 601126,四方股份,-0.66,11.15,5.92
2017-03-02 18:43:14 analyse.py[line:53] INFO 002838,道恩股份,-3.98,68.06,5.85
2017-03-02 18:43:14 analyse.py[line:53] INFO 002265,西仪股份,-1.62,27.72,5.84
2017-03-02 18:43:40 analyse.py[line:52] INFO =======================
2017-03-02 18:43:40 analyse.py[line:54] INFO 002843,泰嘉股份,-6.97,43.51,16.02
2017-03-02 18:43:40 analyse.py[line:54] INFO 002120,韵达股份,-8.41,55.55,15.14
2017-03-02 18:43:40 analyse.py[line:54] INFO 603036,如通股份,-6.51,46.63,13.96
2017-03-02 18:43:40 analyse.py[line:54] INFO 603300,华铁科技,-2.42,20.42,11.85
2017-03-02 18:43:40 analyse.py[line:54] INFO 002468,申通快递,-3.53,31.79,11.1
2017-03-02 18:43:40 analyse.py[line:54] INFO 000048,康达尔,-4.04,37.92,10.65
2017-03-02 18:43:40 analyse.py[line:54] INFO 002584,西陇科学,-1.59,15.88,10.01
2017-03-02 18:43:40 analyse.py[line:54] INFO 002606,大连电瓷,-4.65,46.49,10.0
2017-03-02 18:43:40 analyse.py[line:54] INFO 600233,圆通速递,-2.53,29.27,8.64
2017-03-02 18:43:40 analyse.py[line:54] INFO 000548,湖南投资,-0.9,10.81,8.33
2017-03-02 18:43:40 analyse.py[line:54] INFO 002323,雅百特,-1.54,19.66,7.83
2017-03-02 18:43:40 analyse.py[line:54] INFO 002694,顾地科技,-2.88,37.19,7.74
2017-03-02 18:43:40 analyse.py[line:54] INFO 002800,天顺股份,-4.87,66.23,7.35
2017-03-02 18:43:40 analyse.py[line:54] INFO 603569,长久物流,-2.75,41.09,6.69
2017-03-02 18:43:40 analyse.py[line:54] INFO 002072,凯瑞德,-1.69,26.09,6.48
2017-03-02 18:43:40 analyse.py[line:54] INFO 002807,江阴银行,-1.3,21.4,6.07
2017-03-02 18:43:40 analyse.py[line:54] INFO 603800,道森股份,-2.34,39.26,5.96
2017-03-02 18:43:40 analyse.py[line:54] INFO 601126,四方股份,-0.66,11.15,5.92
2017-03-02 18:43:40 analyse.py[line:54] INFO 002838,道恩股份,-3.98,68.06,5.85
2017-03-02 18:43:40 analyse.py[line:54] INFO 002265,西仪股份,-1.62,27.72,5.84
